<?xml version='1.0' encoding='UTF-8'?>
<dataset>
	<person person_id="100001" gender="F" birthdate="1985-09-30 12:34:56.7" birthdate_estimated="0" dead="false" creator="1" date_created="2013-03-01 12:34:56.7" voided="false" uuid="3c9c0642-2318-11e8-b467-0ed5f89f718b"/>
	<person person_id="100002" gender="F" birthdate="2000-09-30 12:34:56.7" dead="false" creator="1" birthdate_estimated="0" date_created="2008-08-15 15:46:47.0" voided="false" uuid="3c9c0782-2318-11e8-b467-0ed5f89f718b"/>
	<person person_id="100003" gender="M" birthdate="2002-09-30 12:34:56.7" dead="false" creator="1" birthdate_estimated="0" date_created="2008-08-15 15:57:09.0" voided="false" uuid="33b6abe4-2319-11e8-b467-0ed5f89f718b"/>
	<!--<person_address person_address_id="2" person_id="2" preferred="false" address1="1050 Wishard Blvd." address2="RG5" city_village="Indianapolis" state_province="IN" postal_code="46202" country="USA" latitude="" longitude="" start_date="2005-01-01 00:00:00.0" creator="1" date_created="2005-09-22 00:00:00.0" voided="false" void_reason="" uuid="3350d0b5-821c-4e5e-ad1d-a9bce331e118"/>
	<person_address person_address_id="7" person_id="7" preferred="false" address1="" address2="" city_village="Kapina" state_province="" postal_code="" country="" latitude="" longitude="" start_date="2005-01-01 00:00:00.0" creator="1" date_created="2006-01-18 00:00:00.0" voided="false" void_reason="" uuid="921c0e23-d941-4bac-8ce4-ab0d0f7d8a91"/>
	<person_address person_address_id="8" person_id="8" preferred="false" address1="" address2="" city_village="Jabali" state_province="" postal_code="" country="" latitude="" longitude="" start_date="2005-01-01 00:00:00.0" creator="1" date_created="2006-01-18 00:00:00.0" voided="false" void_reason="" uuid="7418fe01-e7e0-4f0c-ad1b-4b4d845577f9"/>
	<person_address person_address_id="9" person_id="9" preferred="false" city_village="Gucha" creator="1" start_date="2005-01-01 00:00:00.0" date_created="2006-01-18 00:00:00.0" voided="false" uuid="0184e940-7947-4d32-87ee-614dffa93a3a"/>
	<person_address person_address_id="9348" person_id="501" preferred="false" start_date="2005-01-01 00:00:00.0" creator="1" date_created="2008-08-15 15:46:47.0" voided="false" uuid="0908e42c-ff9b-4f0c-be5c-4a517e3feb34"/>
	<person_address person_address_id="9349" person_id="502" preferred="false" start_date="2005-01-01 00:00:00.0" creator="1" date_created="2008-08-15 15:57:09.0" voided="false" uuid="bb7f7855-abfa-447b-baf0-7eec28f64c54"/>
	<person_address person_address_id="9350" person_id="6" preferred="false" address1="" address2="" city_village="" state_province="" postal_code="" country="" latitude="" longitude="" start_date="2005-01-01 00:00:00.0" creator="1" date_created="2008-08-18 11:44:02.0" voided="false" void_reason="" uuid="96144109-6125-4a52-92a0-2564716bee8e"/>
	<person_attribute_type person_attribute_type_id="1" name="Race" description="Group of persons related by common descent or heredity" format="java.lang.String" searchable="false" creator="1" date_created="2007-05-04 09:59:23.0" retired="true" retired_by="1" date_retired="2008-08-15 00:00:00.0" retire_reason="test" uuid="b3b6d540-a32e-44c7-91b3-292d97667518" sort_weight="1"/>
	<person_attribute_type person_attribute_type_id="2" name="Birthplace" description="Location of persons birth" format="java.lang.String" searchable="false" creator="1" date_created="2007-05-04 09:59:23.0" retired="false" uuid="54fc8400-1683-4d71-a1ac-98d40836ff7c" sort_weight="3"/>
	<person_attribute_type person_attribute_type_id="8" name="Civil Status" description="Marriage status of this person" format="org.openmrs.Concept" searchable="false" creator="1" date_created="2008-08-15 15:53:36.0" retired="false" uuid="a0f5521c-dbbd-4c10-81b2-1b7ab18330df" sort_weight="2"/>
	<person_attribute person_attribute_id="1" person_id="501" value="NULL" person_attribute_type_id="1" creator="1" date_created="2008-08-15 15:46:47.0" voided="false" uuid="0768f3da-b692-44b7-a33f-abf2c450474e"/>
	<person_attribute person_attribute_id="2" person_id="501" value="NULL" person_attribute_type_id="2" creator="1" date_created="2008-08-15 15:46:47.0" voided="false" uuid="56beb8bd-287c-47f2-9786-a7b98c933c04"/>
	<person_attribute person_attribute_id="3" person_id="502" value="NULL" person_attribute_type_id="1" creator="1" date_created="2008-08-15 15:57:09.0" voided="false" uuid="898f6ecd-78f1-42a5-8768-e0c219a3fa7f"/>
	<person_attribute person_attribute_id="4" person_id="502" value="NULL" person_attribute_type_id="2" creator="1" date_created="2008-08-15 15:57:09.0" voided="false" uuid="9b5e9fc6-eeb0-4b69-a699-e2f9f655cfec"/>
	<person_attribute person_attribute_id="5" person_id="502" value="NULL" person_attribute_type_id="8" creator="1" date_created="2008-08-15 15:57:09.0" voided="false" uuid="463db590-b7a9-47e9-897a-c0506ba21ec9"/>
	<person_attribute person_attribute_id="6" person_id="2" value="NULL" person_attribute_type_id="1" creator="1" date_created="2008-08-15 17:14:06.0" voided="false" uuid="15d694af-43d6-443a-971c-ec210e3ec5c5"/>
	<person_attribute person_attribute_id="7" person_id="2" value="NULL" person_attribute_type_id="2" creator="1" date_created="2008-08-15 17:14:06.0" voided="false" uuid="ea6963f2-3be2-4d29-b1c6-9c50f31290a6"/>
	<person_attribute person_attribute_id="8" person_id="2" value="6" person_attribute_type_id="8" creator="1" date_created="2008-08-15 17:14:06.0" voided="false" uuid="0c28eb28-efdf-4553-8db4-ae7c88ead7f8"/>
	<person_attribute person_attribute_id="9" person_id="6" value="NULL" person_attribute_type_id="1" creator="1" date_created="2008-08-18 11:44:02.0" voided="false" uuid="6d9a58c3-61bd-493b-9287-27c624198712"/>
	<person_attribute person_attribute_id="10" person_id="6" value="NULL" person_attribute_type_id="2" creator="1" date_created="2008-08-18 11:44:02.0" voided="false" uuid="ebeaae73-5009-4319-9ba7-e75bfea717d7"/>
	<person_attribute person_attribute_id="11" person_id="6" value="5" person_attribute_type_id="8" creator="1" date_created="2008-08-18 11:44:02.0" voided="false" uuid="1adbc47a-8930-44d2-80be-8d6f05a262c3"/>
	<person_attribute person_attribute_id="12" person_id="8" value="NULL" person_attribute_type_id="1" creator="1" date_created="2008-08-18 11:56:42.0" voided="false" uuid="09a7a35e-4fca-43bc-b0e1-9e05b8c68f99"/>
	<person_attribute person_attribute_id="13" person_id="8" value="NULL" person_attribute_type_id="2" creator="1" date_created="2008-08-18 11:56:42.0" voided="false" uuid="64d7264d-246b-459a-9e15-a37c2c40ac63"/>
	<person_attribute person_attribute_id="14" person_id="8" value="NULL" person_attribute_type_id="8" creator="1" date_created="2008-08-18 11:56:42.0" voided="false" uuid="63a5a4a0-dd44-46ac-b8c0-c6bfb5a5f878"/>
	<person_attribute person_attribute_id="15" person_id="7" value="NULL" person_attribute_type_id="1" creator="1" date_created="2008-08-18 12:25:57.0" voided="false" uuid="9ac48bf3-7088-422d-a5c6-5ac2b337784a"/>
	<person_attribute person_attribute_id="16" person_id="7" value="NULL" person_attribute_type_id="2" creator="1" date_created="2008-08-18 12:25:57.0" voided="false" uuid="33732c97-3793-417e-a1ea-8536b00c4607"/>
	<person_attribute person_attribute_id="17" person_id="7" value="NULL" person_attribute_type_id="8" creator="1" date_created="2008-08-18 12:25:57.0" voided="false" uuid="3d5c1fdc-accf-4ee6-83e4-1de437452f29"/>
	-->
	<person_name person_name_id="1001" preferred="true" person_id="100001" prefix="Mrs" given_name="Janet" middle_name="Test" family_name="Mbugua" family_name_suffix="Esq." creator="1" date_created="2005-09-22 00:00:00.0" voided="false" void_reason="" uuid="3c9bf31e-2318-11e8-b467-0ed5f89f718b"/>
	<person_name person_name_id="1002" preferred="true" person_id="100002" given_name="Collet" middle_name="Test" family_name="Chebaskwony" creator="1" date_created="2006-01-18 00:00:00.0" voided="false" void_reason="" uuid="3c9bf6c0-2318-11e8-b467-0ed5f89f718b"/>
	<person_name person_name_id="1003" preferred="true" person_id="100003" given_name="Anet" middle_name="Test" family_name="Oloo" creator="1" date_created="2006-01-18 00:00:00.0" voided="false" void_reason="" uuid="3c9bfc24-2318-11e8-b467-0ed5f89f718b"/>
	<patient patient_id="100001" creator="1" date_created="2005-09-22 00:00:00.0" changed_by="1" date_changed="2008-08-18 12:29:59.0" voided="false" void_reason=""/>
	<patient patient_id="100002" creator="1" date_created="2006-01-18 00:00:00.0" changed_by="1" date_changed="2008-08-18 12:25:31.0" voided="false" void_reason=",,,,"/>
	<patient patient_id="100003" creator="1" date_created="2006-01-18 00:00:00.0" changed_by="1" date_changed="2008-08-18 12:25:57.0" voided="false" void_reason=""/>
	<patient_identifier_type patient_identifier_type_id="30" name="HEI UNIQUE NUMBER" description="Hei Unique Number" format="" check_digit="false" creator="1" date_created="2005-09-22 00:00:00.0" required="false" validator="" retired="false" uuid="0691f522-dd67-4eeb-92c8-af5083baf338"/>
	<patient_identifier_type patient_identifier_type_id="40" name="NATIONAL ID" description="National ID" format="" check_digit="false" creator="1" date_created="2005-09-22 00:00:00.0" required="false" retired="false" uuid="49af6cdc-7968-4abb-bf46-de10d7f4859f"/>
	<patient_identifier_type patient_identifier_type_id="50" name="UNIQUE PATIENT NUMBER" description="Unique Patient Number" format="" check_digit="false" creator="1" date_created="2008-08-15 15:59:20.0" required="false" format_description="" validator="" retired="true" retired_by="1" date_retired="2008-08-15 00:00:00.0" retire_reason="test" uuid="05ee9cf4-7242-4a17-b4d4-00f707265c8a"/>
	<patient_identifier_type patient_identifier_type_id="60" name="GODS NUMBER" description="GODS NUMBER" format="" check_digit="false" creator="1" date_created="2008-08-15 15:59:20.0" required="false" format_description="" validator="" retired="false" uuid="9aedb9ae-1cbd-11e8-accf-0ed5f89f718b"/>
	<patient_identifier_type patient_identifier_type_id="70" name="SMART CARD NUMBER" description="SMART CARD NUMBER" format="" check_digit="false" creator="1" date_created="2008-08-15 15:59:20.0" required="false" format_description="" validator="" retired="false" uuid="8f842498-1c5b-11e8-accf-0ed5f89f718b"/>
	<patient_identifier_type patient_identifier_type_id="80" name="HTS NUMBER" description="HTS NUMBER" format="" check_digit="false" creator="1" date_created="2008-08-15 15:59:20.0" required="false" format_description="" validator="" retired="false" uuid="e6af3782-1cb3-11e8-accf-0ed5f89f718b"/>
	<patient_identifier_type patient_identifier_type_id="90" name="OpenMRS Identification Number" description="Unique number used in OpenMRS" format="" check_digit="true" creator="1" date_created="2005-09-22 00:00:00.0" required="false" validator="org.openmrs.patient.impl.LuhnIdentifierValidator" retired="false" uuid="dfacd928-0370-4315-99d7-6ec1c9f7ae76"/>
	<patient_identifier patient_identifier_id="100" patient_id="100001" identifier="12345242" identifier_type="60" preferred="1" location_id="1" creator="1" date_created="2005-09-22 00:00:00.0" voided="false" void_reason="" uuid="3c9bfe2c-2318-11e8-b467-0ed5f89f718b"/>
	<patient_identifier patient_identifier_id="102" patient_id="100001" identifier="101-6945" identifier_type="80" preferred="0" location_id="1" creator="1" date_created="2005-09-22 00:00:00.0" voided="false" void_reason="" uuid="3c9bff8a-2318-11e8-b467-0ed5f89f718b"/>
	<patient_identifier patient_identifier_id="103" patient_id="100002" identifier="12345Kru" identifier_type="30" preferred="0" location_id="3" creator="1" date_created="2008-08-18 11:44:54.0" voided="false" void_reason="" uuid="3c9c00c0-2318-11e8-b467-0ed5f89f718b"/>
	<patient_identifier patient_identifier_id="104" patient_id="100002" identifier="6TS-4123" identifier_type="70" preferred="0" location_id="1" creator="1" date_created="2006-01-18 00:00:00.0" voided="false" void_reason="" uuid="3c9c01e2-2318-11e8-b467-0ed5f89f718b"/>
	<patient_identifier patient_identifier_id="105" patient_id="100002" identifier="7TU-8456" identifier_type="80" preferred="1" location_id="1" creator="1" date_created="2006-01-18 00:00:00.0" voided="false" void_reason="" uuid="3c9c0304-2318-11e8-b467-0ed5f89f718b"/>
	<relationship_type relationship_type_id="10" a_is_to_b="Doctor" b_is_to_a="Patient" preferred="0" weight="0" description="Relationship from a primary care provider to the patient" creator="1" date_created="2007-05-04 09:59:22.0" retired="false" uuid="33b6af54-2319-11e8-b467-0ed5f89f718b"/>
	<relationship_type relationship_type_id="20" a_is_to_b="Parent" b_is_to_a="Child" preferred="0" weight="0" description="parent and child" creator="1" date_created="2008-08-15 15:55:18.0" retired="false" uuid="8d91a210-c2cc-11de-8d13-0010c6dffd0f"/>
	<relationship relationship_id="10" person_a="100001" relationship="10" person_b="7" creator="1" date_created="2008-08-18 11:50:15.0" voided="false" uuid="33b6b1b6-2319-11e8-b467-0ed5f89f718b"/>
	<relationship relationship_id="11" person_a="100001" relationship="20" person_b="100002" creator="1" date_created="2008-08-18 11:53:50.0" voided="false" uuid="33b6b440-2319-11e8-b467-0ed5f89f718b"/>

</dataset>